# JRE version: OpenJDK Runtime Environment Temurin-21.0.10+7 (21.0.10+7) (build 21.0.10+7-LTS)
# Java VM: OpenJDK 64-Bit Server VM Temurin-21.0.10+7 (21.0.10+7-LTS, mixed mode, sharing, tiered, compressed oops, compressed class ptrs, g1 gc, windows-amd64)
GC Precious Log:
 CardTable entry size: 512
 Card Set container configuration: InlinePtr #cards 5 size 8 Array Of Cards #cards 12 size 40 Howl #buckets 4 coarsen threshold 1843 Howl Bitmap #cards 512 size 80 coarsen threshold 460 Card regions per heap region 1 cards per card region 2048
 CPUs: 16 total, 16 available
 Memory: 7860M
 Large Page Support: Disabled
 NUMA Support: Disabled
 Compressed Oops: Enabled (32-bit)
 Heap Region Size: 1M
 Heap Min Capacity: 8M
 Heap Initial Capacity: 124M
 Heap Max Capacity: 2G
 Pre-touch: Disabled
 Parallel Workers: 13
 Concurrent Workers: 3
 Concurrent Refinement Workers: 13
 Periodic GC: Disabled
Heap:
 garbage-first heap   total 278528K, used 214425K [0x0000000080000000, 0x0000000100000000)
  region size 1024K, 91 young (93184K), 10 survivors (10240K)
 Metaspace       used 139783K, committed 142400K, reserved 557056K
  class space    used 17904K, committed 19200K, reserved 425984K
GC Heap History (20 events):
Event: 47.221 GC heap before
{Heap before GC invocations=44 (full 0):
 garbage-first heap   total 191488K, used 152636K [0x0000000080000000, 0x0000000100000000)
  region size 1024K, 43 young (44032K), 5 survivors (5120K)
 Metaspace       used 119068K, committed 121408K, reserved 557056K
  class space    used 15614K, committed 16768K, reserved 425984K
}
Event: 47.225 GC heap after
{Heap after GC invocations=45 (full 0):
 garbage-first heap   total 191488K, used 115183K [0x0000000080000000, 0x0000000100000000)
  region size 1024K, 3 young (3072K), 3 survivors (3072K)
 Metaspace       used 119068K, committed 121408K, reserved 557056K
  class space    used 15614K, committed 16768K, reserved 425984K
}
Event: 48.504 GC heap before
{Heap before GC invocations=45 (full 0):
 garbage-first heap   total 191488K, used 174575K [0x0000000080000000, 0x0000000100000000)
  region size 1024K, 58 young (59392K), 3 survivors (3072K)
 Metaspace       used 123212K, committed 125632K, reserved 557056K
  class space    used 16147K, committed 17344K, reserved 425984K
}
Event: 48.513 GC heap after
{Heap after GC invocations=46 (full 0):
 garbage-first heap   total 278528K, used 116419K [0x0000000080000000, 0x0000000100000000)
  region size 1024K, 7 young (7168K), 7 survivors (7168K)
 Metaspace       used 123212K, committed 125632K, reserved 557056K
  class space    used 16147K, committed 17344K, reserved 425984K
}
Event: 54.905 GC heap before
{Heap before GC invocations=46 (full 0):
 garbage-first heap   total 278528K, used 235203K [0x0000000080000000, 0x0000000100000000)
  region size 1024K, 123 young (125952K), 7 survivors (7168K)
 Metaspace       used 130402K, committed 132928K, reserved 557056K
  class space    used 17220K, committed 18432K, reserved 425984K
}
Event: 54.916 GC heap after
{Heap after GC invocations=47 (full 0):
 garbage-first heap   total 278528K, used 121539K [0x0000000080000000, 0x0000000100000000)
  region size 1024K, 12 young (12288K), 12 survivors (12288K)
 Metaspace       used 130402K, committed 132928K, reserved 557056K
  class space    used 17220K, committed 18432K, reserved 425984K
}
Event: 56.640 GC heap before
{Heap before GC invocations=48 (full 0):
 garbage-first heap   total 278528K, used 248515K [0x0000000080000000, 0x0000000100000000)
  region size 1024K, 136 young (139264K), 12 survivors (12288K)
 Metaspace       used 133482K, committed 136000K, reserved 557056K
  class space    used 17429K, committed 18688K, reserved 425984K
}
Event: 56.660 GC heap after
{Heap after GC invocations=49 (full 0):
 garbage-first heap   total 278528K, used 136646K [0x0000000080000000, 0x0000000100000000)
  region size 1024K, 17 young (17408K), 17 survivors (17408K)
 Metaspace       used 133482K, committed 136000K, reserved 557056K
  class space    used 17429K, committed 18688K, reserved 425984K
}
Event: 59.073 GC heap before
{Heap before GC invocations=49 (full 0):
 garbage-first heap   total 278528K, used 247238K [0x0000000080000000, 0x0000000100000000)
  region size 1024K, 124 young (126976K), 17 survivors (17408K)
 Metaspace       used 135426K, committed 137984K, reserved 557056K
  class space    used 17590K, committed 18880K, reserved 425984K
}
Event: 59.084 GC heap after
{Heap after GC invocations=50 (full 0):
 garbage-first heap   total 278528K, used 134773K [0x0000000080000000, 0x0000000100000000)
  region size 1024K, 3 young (3072K), 3 survivors (3072K)
 Metaspace       used 135426K, committed 137984K, reserved 557056K
  class space    used 17590K, committed 18880K, reserved 425984K
}
Event: 59.185 GC heap before
{Heap before GC invocations=50 (full 0):
 garbage-first heap   total 278528K, used 148085K [0x0000000080000000, 0x0000000100000000)
  region size 1024K, 17 young (17408K), 3 survivors (3072K)
 Metaspace       used 135483K, committed 138112K, reserved 557056K
  class space    used 17590K, committed 18880K, reserved 425984K
}
Event: 59.190 GC heap after
{Heap after GC invocations=51 (full 0):
 garbage-first heap   total 278528K, used 136852K [0x0000000080000000, 0x0000000100000000)
  region size 1024K, 5 young (5120K), 5 survivors (5120K)
 Metaspace       used 135483K, committed 138112K, reserved 557056K
  class space    used 17590K, committed 18880K, reserved 425984K
}
Event: 61.179 GC heap before
{Heap before GC invocations=52 (full 0):
 garbage-first heap   total 278528K, used 240276K [0x0000000080000000, 0x0000000100000000)
  region size 1024K, 107 young (109568K), 5 survivors (5120K)
 Metaspace       used 136398K, committed 139008K, reserved 557056K
  class space    used 17590K, committed 18880K, reserved 425984K
}
Event: 61.184 GC heap after
{Heap after GC invocations=53 (full 0):
 garbage-first heap   total 278528K, used 131387K [0x0000000080000000, 0x0000000100000000)
  region size 1024K, 2 young (2048K), 2 survivors (2048K)
 Metaspace       used 136398K, committed 139008K, reserved 557056K
  class space    used 17590K, committed 18880K, reserved 425984K
}
Event: 65.199 GC heap before
{Heap before GC invocations=53 (full 0):
 garbage-first heap   total 278528K, used 248123K [0x0000000080000000, 0x0000000100000000)
  region size 1024K, 114 young (116736K), 2 survivors (2048K)
 Metaspace       used 136759K, committed 139328K, reserved 557056K
  class space    used 17608K, committed 18880K, reserved 425984K
}
Event: 65.206 GC heap after
{Heap after GC invocations=54 (full 0):
 garbage-first heap   total 278528K, used 129324K [0x0000000080000000, 0x0000000100000000)
  region size 1024K, 7 young (7168K), 7 survivors (7168K)
 Metaspace       used 136759K, committed 139328K, reserved 557056K
  class space    used 17608K, committed 18880K, reserved 425984K
}
Event: 67.756 GC heap before
{Heap before GC invocations=54 (full 0):
 garbage-first heap   total 278528K, used 247084K [0x0000000080000000, 0x0000000100000000)
  region size 1024K, 122 young (124928K), 7 survivors (7168K)
 Metaspace       used 137356K, committed 139904K, reserved 557056K
  class space    used 17616K, committed 18880K, reserved 425984K
}
Event: 67.767 GC heap after
{Heap after GC invocations=55 (full 0):
 garbage-first heap   total 278528K, used 128058K [0x0000000080000000, 0x0000000100000000)
  region size 1024K, 6 young (6144K), 6 survivors (6144K)
 Metaspace       used 137356K, committed 139904K, reserved 557056K
  class space    used 17616K, committed 18880K, reserved 425984K
}
Event: 69.127 GC heap before
{Heap before GC invocations=56 (full 0):
 garbage-first heap   total 278528K, used 251962K [0x0000000080000000, 0x0000000100000000)
  region size 1024K, 125 young (128000K), 6 survivors (6144K)
 Metaspace       used 137559K, committed 140096K, reserved 557056K
  class space    used 17620K, committed 18880K, reserved 425984K
}
Event: 69.143 GC heap after
{Heap after GC invocations=57 (full 0):
 garbage-first heap   total 278528K, used 132505K [0x0000000080000000, 0x0000000100000000)
  region size 1024K, 10 young (10240K), 10 survivors (10240K)
 Metaspace       used 137559K, committed 140096K, reserved 557056K
  class space    used 17620K, committed 18880K, reserved 425984K
}

